#
# There is insufficient memory for the Java Runtime Environment to continue.
# Native memory allocation (malloc) failed to allocate 520176 bytes for Chunk::new
# Possible reasons:
#   The system is out of physical RAM or swap space
#   In 32 bit mode, the process size limit was hit
# Possible solutions:
#   Reduce memory load on the system
#   Increase physical memory or swap space
#   Check if swap backing store is full
#   Use 64 bit Java on a 64 bit OS
#   Decrease Java heap size (-Xmx/-Xms)
#   Decrease number of Java threads
#   Decrease Java thread stack sizes (-Xss)
#   Set larger code cache with -XX:ReservedCodeCacheSize=
# This output file may be truncated or incomplete.
#
#  Out of Memory Error (allocation.cpp:390), pid=908, tid=0x0000000000002180
#
# JRE version: OpenJDK Runtime Environment (8.0_112-b06) (build 1.8.0_112-release-b06)
# Java VM: OpenJDK 64-Bit Server VM (25.112-b06 mixed mode windows-amd64 compressed oops)
# Failed to write core dump. Minidumps are not enabled by default on client versions of Windows
#

---------------  T H R E A D  ---------------

Current thread (0x0000000014f80800):  JavaThread "C2 CompilerThread1" daemon [_thread_in_native, id=8576, stack(0x00000000166d0000,0x00000000167d0000)]

Stack: [0x00000000166d0000,0x00000000167d0000]
[error occurred during error reporting (printing stack bounds), id 0xc0000005]

Native frames: (J=compiled Java code, j=interpreted, Vv=VM code, C=native code)


Current CompileTask:
C2:   2215 1082       4       com.android.dx.ssa.SCCP::simulateStmt (481 bytes)


---------------  P R O C E S S  ---------------

Java Threads: ( => current thread )
  0x0000000016bb3800 JavaThread "pool-1-thread-4" [_thread_in_vm, id=2220, stack(0x00000000172d0000,0x00000000173d0000)]
  0x0000000016bad800 JavaThread "pool-1-thread-3" [_thread_in_Java, id=4132, stack(0x00000000171d0000,0x00000000172d0000)]
  0x0000000016b25000 JavaThread "pool-1-thread-2" [_thread_in_vm, id=10644, stack(0x00000000170d0000,0x00000000171d0000)]
  0x0000000016b1d800 JavaThread "pool-2-thread-1" [_thread_blocked, id=9988, stack(0x0000000016fd0000,0x00000000170d0000)]
  0x0000000016b1d000 JavaThread "pool-1-thread-1" [_thread_in_vm, id=8844, stack(0x0000000016ed0000,0x0000000016fd0000)]
  0x00000000168d5800 JavaThread "Service Thread" daemon [_thread_blocked, id=6236, stack(0x0000000016cd0000,0x0000000016dd0000)]
  0x0000000014fd9800 JavaThread "C1 CompilerThread2" daemon [_thread_in_native, id=2088, stack(0x00000000167d0000,0x00000000168d0000)]
=>0x0000000014f80800 JavaThread "C2 CompilerThread1" daemon [_thread_in_native, id=8576, stack(0x00000000166d0000,0x00000000167d0000)]
  0x0000000014f7e800 JavaThread "C2 CompilerThread0" daemon [_thread_in_native, id=2712, stack(0x00000000165d0000,0x00000000166d0000)]
  0x0000000014f7c800 JavaThread "Attach Listener" daemon [_thread_blocked, id=1348, stack(0x00000000164d0000,0x00000000165d0000)]
  0x0000000014f7b800 JavaThread "Signal Dispatcher" daemon [_thread_blocked, id=7320, stack(0x00000000163d0000,0x00000000164d0000)]
  0x0000000014f68000 JavaThread "Finalizer" daemon [_thread_blocked, id=4448, stack(0x00000000161d0000,0x00000000162d0000)]
  0x0000000002873800 JavaThread "Reference Handler" daemon [_thread_blocked, id=1792, stack(0x00000000160d0000,0x00000000161d0000)]
  0x0000000002781000 JavaThread "main" [_thread_in_Java, id=10360, stack(0x0000000002660000,0x0000000002760000)]

Other Threads:
  0x0000000014f45800 VMThread [stack: 0x0000000015fd0000,0x00000000160d0000] [id=9640]
  0x00000000168d6800 WatcherThread [stack: 0x0000000016dd0000,0x0000000016ed0000] [id=5928]

VM state:not at safepoint (normal execution)

VM Mutex/Monitor currently owned by a thread: None

Heap:
 PSYoungGen      total 37888K, used 31062K [0x00000000eab00000, 0x00000000ed500000, 0x0000000100000000)
  eden space 32768K, 94% used [0x00000000eab00000,0x00000000ec955a70,0x00000000ecb00000)
  from space 5120K, 0% used [0x00000000ed000000,0x00000000ed000000,0x00000000ed500000)
  to   space 5120K, 0% used [0x00000000ecb00000,0x00000000ecb00000,0x00000000ed000000)
 ParOldGen       total 86016K, used 0K [0x00000000c0000000, 0x00000000c5400000, 0x00000000eab00000)
  object space 86016K, 0% used [0x00000000c0000000,0x00000000c0000000,0x00000000c5400000)
 Metaspace       used 5971K, capacity 6960K, committed 7040K, reserved 1056768K
  class space    used 575K, capacity 616K, committed 640K, reserved 1048576K

Card table byte_map: [0x0000000011c50000,0x0000000011e60000] byte_map_base: 0x0000000011650000

Marking Bits: (ParMarkBitMap*) 0x00000000702218f0
 Begin Bits: [0x00000000123c0000, 0x00000000133c0000)
 End Bits:   [0x00000000133c0000, 0x00000000143c0000)

Polling page: 0x0000000002760000

CodeCache: size=245760Kb used=4816Kb max_used=4816Kb free=240943Kb
 bounds [0x0000000002890000, 0x0000000002d50000, 0x0000000011890000]
 total_blobs=1483 nmethods=1215 adapters=182
 compilation: enabled

Compilation events (10 events):
Event: 2.210 Thread 0x0000000014fd9800 1211   !   3       com.android.dx.cf.code.OneLocalsArray::set (106 bytes)
Event: 2.211 Thread 0x0000000014fd9800 nmethod 1211 0x0000000002d44e50 code [0x0000000002d450a0, 0x0000000002d45ed8]
Event: 2.211 Thread 0x0000000014fd9800 1214       3       com.android.dx.dex.code.RopTranslator$TranslationVisitor::getNextMoveResultPseudo (55 bytes)
Event: 2.211 Thread 0x0000000014fd9800 nmethod 1214 0x0000000002d46550 code [0x0000000002d46700, 0x0000000002d46ff8]
Event: 2.211 Thread 0x0000000014fd9800 1216       3       java.lang.Character::forDigit (42 bytes)
Event: 2.211 Thread 0x0000000014fd9800 nmethod 1216 0x0000000002d47250 code [0x0000000002d473c0, 0x0000000002d47670]
Event: 2.211 Thread 0x0000000014fd9800 1217       3       com.android.dx.rop.cst.CstString::getType (4 bytes)
Event: 2.211 Thread 0x0000000014fd9800 nmethod 1217 0x0000000002d476d0 code [0x0000000002d47820, 0x0000000002d47970]
Event: 2.211 Thread 0x0000000014fd9800 1219       3       com.android.dx.cf.code.Simulator$SimVisitor::visitNoArgs (2136 bytes)
Event: 2.212 Thread 0x0000000014f7e800 1220       4       com.android.dx.ssa.SsaMethod$2::visitNonMoveInsn (6 bytes)

GC Heap History (0 events):
No events

Deoptimization events (3 events):
Event: 0.619 Thread 0x0000000002781000 Uncommon trap: reason=unstable_if action=reinterpret pc=0x00000000029d8e14 method=java.lang.String.indexOf(II)I @ 49
Event: 1.261 Thread 0x0000000016bad800 Uncommon trap: reason=unstable_if action=reinterpret pc=0x0000000002acb734 method=java.util.HashMap.getNode(ILjava/lang/Object;)Ljava/util/HashMap$Node; @ 129
Event: 1.428 Thread 0x0000000016bb3800 Uncommon trap: reason=unstable_if action=reinterpret pc=0x0000000002ac5cf0 method=java.util.BitSet.nextSetBit(I)I @ 87

Internal exceptions (2 events):
Event: 0.121 Thread 0x0000000002781000 Exception <a 'java/lang/NoSuchMethodError': Method sun.misc.Unsafe.defineClass(Ljava/lang/String;[BII)Ljava/lang/Class; name or signature does not match> (0x00000000eab07c78) thrown at [C:\src\android\AOSP-openjdk\external\jetbrains\jdk\hotspot\src\share\vró	ŠK¿?
Event: 0.121 Thread 0x0000000002781000 Exception <a 'java/lang/NoSuchMethodError': Method sun.misc.Unsafe.prefetchRead(Ljava/lang/Object;J)V name or signature does not match> (0x00000000eab07f60) thrown at [C:\src\android\AOSP-openjdk\external\jetbrains\jdk\hotspot\src\share\vm\prims\jni.cpp, l

Events (10 events):
Event: 1.438 loading class com/android/dx/dex/file/MethodAnnotationStruct
Event: 1.438 loading class com/android/dx/dex/file/MethodAnnotationStruct done
Event: 1.452 loading class com/android/dx/rop/code/LocalItem
Event: 1.452 loading class com/android/dx/rop/code/LocalItem done
Event: 1.616 Executing VM operation: ForceSafepoint
Event: 1.665 Executing VM operation: ForceSafepoint done
Event: 1.744 loading class java/util/DualPivotQuicksort
Event: 1.744 loading class java/util/DualPivotQuicksort done
Event: 1.960 Thread 0x0000000016b1d000 DEOPT PACKING pc=0x0000000002b0d0cf sp=0x0000000016fce5a0
Event: 1.960 Thread 0x0000000016b1d000 DEOPT UNPACKING pc=0x00000000028d75bf sp=0x0000000016fce380 mode 0


Dynamic libraries:
0x00007ff69b990000 - 0x00007ff69b9c1000 	C:\Program Files\Android\Android Studio\jre\bin\java.exe
0x00007ffc154b0000 - 0x00007ffc1568b000 	C:\WINDOWS\SYSTEM32\ntdll.dll
0x00007ffc13240000 - 0x00007ffc132ee000 	C:\WINDOWS\System32\KERNEL32.DLL
0x00007ffc11df0000 - 0x00007ffc12039000 	C:\WINDOWS\System32\KERNELBASE.dll
0x00007ffc14ed0000 - 0x00007ffc14f71000 	C:\WINDOWS\System32\ADVAPI32.dll
0x00007ffc15100000 - 0x00007ffc1519d000 	C:\WINDOWS\System32\msvcrt.dll
0x00007ffc15450000 - 0x00007ffc154a9000 	C:\WINDOWS\System32\sechost.dll
0x00007ffc15320000 - 0x00007ffc15445000 	C:\WINDOWS\System32\RPCRT4.dll
0x00007ffc12d80000 - 0x00007ffc12eca000 	C:\WINDOWS\System32\USER32.dll
0x00007ffc11c40000 - 0x00007ffc11c5e000 	C:\WINDOWS\System32\win32u.dll
0x00007ffc14c90000 - 0x00007ffc14cb7000 	C:\WINDOWS\System32\GDI32.dll
0x00007ffc11c60000 - 0x00007ffc11de8000 	C:\WINDOWS\System32\gdi32full.dll
0x00007ffc11ba0000 - 0x00007ffc11c3a000 	C:\WINDOWS\System32\msvcp_win.dll
0x00007ffc12850000 - 0x00007ffc12946000 	C:\WINDOWS\System32\ucrtbase.dll
0x00007ffc06d20000 - 0x00007ffc06f87000 	C:\WINDOWS\WinSxS\amd64_microsoft.windows.common-controls_6595b64144ccf1df_6.0.15063.483_none_26002d27e7c744a2\COMCTL32.dll
0x00007ffc12a10000 - 0x00007ffc12d09000 	C:\WINDOWS\System32\combase.dll
0x00007ffc12950000 - 0x00007ffc129ba000 	C:\WINDOWS\System32\bcryptPrimitives.dll
0x00007ffc15210000 - 0x00007ffc1523d000 	C:\WINDOWS\System32\IMM32.DLL
0x000000006f8a0000 - 0x000000006f972000 	C:\Program Files\Android\Android Studio\jre\jre\bin\msvcr100.dll
0x000000006fa60000 - 0x000000007029c000 	C:\Program Files\Android\Android Studio\jre\jre\bin\server\jvm.dll
0x00007ffc13070000 - 0x00007ffc13078000 	C:\WINDOWS\System32\PSAPI.DLL
0x00007ffc0b3c0000 - 0x00007ffc0b3c9000 	C:\WINDOWS\SYSTEM32\WSOCK32.dll
0x00007ffc12d10000 - 0x00007ffc12d7c000 	C:\WINDOWS\System32\WS2_32.dll
0x00007ffc0e830000 - 0x00007ffc0e853000 	C:\WINDOWS\SYSTEM32\WINMM.dll
0x00007ffc01fc0000 - 0x00007ffc01fca000 	C:\WINDOWS\SYSTEM32\VERSION.dll
0x00007ffc0e800000 - 0x00007ffc0e82b000 	C:\WINDOWS\SYSTEM32\WINMMBASE.dll
0x00007ffc129c0000 - 0x00007ffc12a09000 	C:\WINDOWS\System32\cfgmgr32.dll
0x00007ffc09070000 - 0x00007ffc0907f000 	C:\Program Files\Android\Android Studio\jre\jre\bin\verify.dll
0x00007ffc00190000 - 0x00007ffc001b9000 	C:\Program Files\Android\Android Studio\jre\jre\bin\java.dll
0x00007ffc05290000 - 0x00007ffc052a6000 	C:\Program Files\Android\Android Studio\jre\jre\bin\zip.dll
0x00007ffc13730000 - 0x00007ffc14b66000 	C:\WINDOWS\System32\SHELL32.dll
0x00007ffc13080000 - 0x00007ffc1312a000 	C:\WINDOWS\System32\shcore.dll
0x00007ffc120a0000 - 0x00007ffc12793000 	C:\WINDOWS\System32\windows.storage.dll
0x00007ffc151a0000 - 0x00007ffc151f1000 	C:\WINDOWS\System32\shlwapi.dll
0x00007ffc119b0000 - 0x00007ffc119c1000 	C:\WINDOWS\System32\kernel.appcore.dll
0x00007ffc11960000 - 0x00007ffc119ac000 	C:\WINDOWS\System32\powrprof.dll
0x00007ffc11920000 - 0x00007ffc11935000 	C:\WINDOWS\System32\profapi.dll

VM Arguments:
jvm_args: -Djava.awt.headless=true -Xmx1024M -Dfile.encoding=windows-1252 -Duser.country=US -Duser.language=en -Duser.variant 
java_command: com.android.dx.command.Main --dex --num-threads=4 --output D:\Project\XmlTest\app\build\intermediates\pre-dexed\debug\classes_9ce4fa4b58ec670a3f9673398e4acd542c90926e.jar C:\Users\admin\.android\build-cache\801ce1de1229cdbe9b006615b2793400d05018cf\output\jars\classes.jar
java_class_path (initial): C:\Users\admin\AppData\Local\Android\sdk\build-tools\26.0.0\lib\dx.jar
Launcher Type: SUN_STANDARD

Environment Variables:
JAVA_HOME=C:\Program Files\Java\jdk1.8.0_131
PATH=C:\Program Files\Java\jdk1.8.0_131\bin;C:\ProgramData\Oracle\Java\javapath;C:\WINDOWS\system32;C:\WINDOWS;C:\WINDOWS\System32\Wbem;C:\WINDOWS\System32\WindowsPowerShell\v1.0\;C:\Program Files (x86)\GtkSharp\2.12\bin;C:\Program Files (x86)\Roadkill1_1;C:\Program Files\Microsoft SQL Server\130\Tools\Binn\;C:\Program Files\Git\cmd;C:\Program Files\Git\mingw64\bin;C:\Program Files\Git\usr\bin;C:\Users\admin\AppData\Local\Microsoft\WindowsApps;
USERNAME=admin
OS=Windows_NT
PROCESSOR_IDENTIFIER=Intel64 Family 6 Model 58 Stepping 9, GenuineIntel



---------------  S Y S T E M  ---------------

OS: Windows 10.0 , 64 bit Build 15063 (10.0.15063.296)

CPU:total 4 (2 cores per cpu, 2 threads per core) family 6 model 58 stepping 9, cmov, cx8, fxsr, mmx, sse, sse2, sse3, ssse3, sse4.1, sse4.2, popcnt, avx, aes, clmul, erms, ht, tsc, tscinvbit, tscinv

Memory: 4k page, physical 8249468k(650932k free), swap 8249468k(3604k free)

vm_info: OpenJDK 64-Bit Server VM (25.112-b06) for windows-amd64 JRE (1.8.0_112-release-b06), built on Dec  8 2016 00:54:26 by "builder" with MS VC++ 10.0 (VS2010)

time: Tue Sep 26 16:34:29 2017
elapsed time: 2 seconds (0d 0h 0m 2s)

